\\mac\home\documents\c++\comp4411\project\project2\modskels17\debug\vc140.pdb
\\mac\home\documents\c++\comp4411\project\project2\modskels17\debug\vc140.idb
\\mac\home\documents\c++\comp4411\project\project2\modskels17\debug\bitmap.obj
\\mac\home\documents\c++\comp4411\project\project2\modskels17\debug\camera.obj
\\mac\home\documents\c++\comp4411\project\project2\modskels17\debug\modelerapp.obj
\\mac\home\documents\c++\comp4411\project\project2\modskels17\debug\modelerdraw.obj
\\mac\home\documents\c++\comp4411\project\project2\modskels17\debug\modelerui.obj
\\mac\home\documents\c++\comp4411\project\project2\modskels17\debug\modelerview.obj
\\mac\home\documents\c++\comp4411\project\project2\modskels17\debug\sample.obj
\\mac\home\documents\c++\comp4411\project\project2\modskels17\debug\stb_image.obj
\\mac\home\documents\c++\comp4411\project\project2\modskels17\debug\marchingcube.obj
\\mac\home\documents\c++\comp4411\project\project2\modskels17\debug\metaball.obj
\\mac\home\documents\c++\comp4411\project\project2\modskels17\debug\tex.obj
\\mac\home\documents\c++\comp4411\project\project2\modskels17\debug\inversekinematics.obj
\\mac\home\documents\c++\comp4411\project\project2\modskels17\debug\modeler.pdb
\\mac\home\documents\c++\comp4411\project\project2\modskels17\debug\modeler.tlog\cl.command.1.tlog
\\mac\home\documents\c++\comp4411\project\project2\modskels17\debug\modeler.tlog\cl.read.1.tlog
\\mac\home\documents\c++\comp4411\project\project2\modskels17\debug\modeler.tlog\cl.write.1.tlog
\\mac\home\documents\c++\comp4411\project\project2\modskels17\debug\modeler.tlog\link.8776-cvtres.read.1.tlog
\\mac\home\documents\c++\comp4411\project\project2\modskels17\debug\modeler.tlog\link.8776-cvtres.write.1.tlog
\\mac\home\documents\c++\comp4411\project\project2\modskels17\debug\modeler.tlog\link.8776-rc.read.1.tlog
\\mac\home\documents\c++\comp4411\project\project2\modskels17\debug\modeler.tlog\link.8776-rc.write.1.tlog
\\mac\home\documents\c++\comp4411\project\project2\modskels17\debug\modeler.tlog\link.8776.read.1.tlog
\\mac\home\documents\c++\comp4411\project\project2\modskels17\debug\modeler.tlog\link.8776.write.1.tlog
\\mac\home\documents\c++\comp4411\project\project2\modskels17\debug\modeler.tlog\link.command.1.tlog
\\mac\home\documents\c++\comp4411\project\project2\modskels17\debug\modeler.tlog\link.read.1.tlog
\\mac\home\documents\c++\comp4411\project\project2\modskels17\debug\modeler.tlog\link.write.1.tlog
